********************************************************************************
DUPLICATOR-LITE PACKAGE-LOG: October 23, 2023 7:39 am
NOTICE: Do NOT post to public sites or forums 
********************************************************************************
VERSION:	1.5.6
WORDPRESS:	6.0.6
PHP INFO:	7.4.29 | SAPI: fpm-fcgi
SERVER:		nginx/1.18.0 
PHP TIME LIMIT: (0) no time limit imposed 
PHP MAX MEMORY: 4294967296 (756M default) 
MEMORY STACK: 2MB

********************************************************************************
DATABASE:
********************************************************************************
BUILD MODE:   PHP(query limit - 100)
MYSQLTIMEOUT: 5000
MYSQLDUMP:    Is Supported
TABLES: total:26 | filtered:0 | create:26
FILTERED: []
SQL CREATED: 20231023_helpadvice_81195be807d1df5c9469_20231023073908_database.sql
SQL FILE SIZE: 8.67MB (9090839)
SQL FILE TIME: 2023-10-23 07:39:15
SQL RUNTIME: 1.45 sec.

********************************************************************************
ARCHIVE (ZIP):
********************************************************************************
ARCHIVE DIR:  /mnt/buyanddrop_uk/help-and-advice-prod/help-and-advice
ARCHIVE FILE: 20231023_helpadvice_81195be807d1df5c9469_20231023073908_archive.zip
FILTERS: *OFF*
DIRS:
	not set
FILES:
	not set
EXTS:  not set
----------------------------------------
COMPRESSING
SIZE:	317.88MB
STATS:	Dirs 1,426 | Files 11,296
SQL ADDED: 20231023_helpadvice_81195be807d1df5c9469_20231023073908_database.sql
ZipArchive Object
(
    [status] => 0
    [statusSys] => 0
    [numFiles] => 12722
    [filename] => /mnt/buyanddrop_uk/help-and-advice-prod/help-and-advice/wp-content/backups-dup-lite/tmp/20231023_helpadvice_81195be807d1df5c9469_20231023073908_archive.zip
    [comment] => 
)

FILE ADDED TO ZIP: 12721
COMPRESSION RESULT: '1'
COMPRESSED SIZE: 173.46MB
ARCHIVE RUNTIME: 21.18 sec.
MEMORY STACK: 2MB
building installer
ARCHIVE CONSISTENCY TEST: PASS

********************************************************************************
INTEGRITY CHECKS:
********************************************************************************
SQL FILE: 8.67MB
INSTALLER FILE: 73.47KB
ARCHIVE FILE: 175.45MB 
EXPECTED FILE/DIRECTORY COUNT: 12,722
ACTUAL FILE/DIRECTORY COUNT: 12,721
ARCHIVE CONSISTENCY TEST: Pass

********************************************************************************
RECORD ID:[9]
TOTAL PROCESS RUNTIME: 23.72 sec.
PEAK PHP MEMORY USED: 2MB
DONE PROCESSING => 20231023_helpadvice October 23, 2023 7:39 am

